[1.989][INFO]: COMMAND InitSession {
   "capabilities": {
      "alwaysMatch": {
         "browserName": "chrome",
         "goog:chromeOptions": {
            "args": [ "--start-maximized", "user-agent=Mozilla/5.0 (Windows NT 6.1; WOW64) AppleWebKit/537.36 (KHTML, like Gecko) Chrome/54.0.2840.99 Safari/537.36" ],
            "extensions": [ "UEsDBBQAAAAAAIR2KEwFJiE2BwIAAAcCAAANAAAAbWFuaWZlc3QuanNvbgogICAgICAgIHsKICAgICAgICAgICAgInZlcnNpb24iOiAiMS4wLjAiLAogICAgICAgICAgICAibWFuaWZlc3RfdmVyc2lvbiI6IDIsCiAgICAgICAgICAgICJuYW1lIjogIkNocm9tZ..." ]
         },
         "platformName": "any"
      },
      "firstMatch": [ {

      } ]
   },
   "desiredCapabilities": {
      "browserName": "chrome",
      "goog:chromeOptions": {
         "args": [ "--start-maximized", "user-agent=Mozilla/5.0 (Windows NT 6.1; WOW64) AppleWebKit/537.36 (KHTML, like Gecko) Chrome/54.0.2840.99 Safari/537.36" ],
         "extensions": [ "UEsDBBQAAAAAAIR2KEwFJiE2BwIAAAcCAAANAAAAbWFuaWZlc3QuanNvbgogICAgICAgIHsKICAgICAgICAgICAgInZlcnNpb24iOiAiMS4wLjAiLAogICAgICAgICAgICAibWFuaWZlc3RfdmVyc2lvbiI6IDIsCiAgICAgICAgICAgICJuYW1lIjogIkNocm9tZ..." ]
      },
      "platform": "ANY",
      "version": ""
   }
}
[1.992][INFO]: Populating Preferences file: {
   "alternate_error_pages": {
      "enabled": false
   },
   "autofill": {
      "enabled": false
   },
   "browser": {
      "check_default_browser": false
   },
   "distribution": {
      "import_bookmarks": false,
      "import_history": false,
      "import_search_engine": false,
      "make_chrome_default_for_user": false,
      "skip_first_run_ui": true
   },
   "dns_prefetching": {
      "enabled": false
   },
   "profile": {
      "content_settings": {
         "pattern_pairs": {
            "https://*,*": {
               "media-stream": {
                  "audio": "Default",
                  "video": "Default"
               }
            }
         }
      },
      "default_content_setting_values": {
         "geolocation": 1
      },
      "default_content_settings": {
         "geolocation": 1,
         "mouselock": 1,
         "notifications": 1,
         "popups": 1,
         "ppapi-broker": 1
      },
      "password_manager_enabled": false
   },
   "safebrowsing": {
      "enabled": false
   },
   "search": {
      "suggest_enabled": false
   },
   "translate": {
      "enabled": false
   }
}
[1.992][INFO]: Populating Local State file: {
   "background_mode": {
      "enabled": false
   },
   "ssl": {
      "rev_checking": {
         "enabled": false
      }
   }
}
[2.447][INFO]: Launching chrome: "C:\Program Files (x86)\Google\Chrome\Application\chrome.exe" --disable-background-networking --disable-client-side-phishing-detection --disable-default-apps --disable-hang-monitor --disable-popup-blocking --disable-prompt-on-repost --disable-sync --disable-web-resources --enable-automation --enable-logging --force-fieldtrials=SiteIsolationExtensions/Control --ignore-certificate-errors --load-extension="C:\Users\hc360\AppData\Local\Temp\scoped_dir21732_30020\extension_fpgopbccdmfnigeigfhcnhjgigcjihbg,C:\Users\hc360\AppData\Local\Temp\scoped_dir21732_30020\internal" --log-level=0 --metrics-recording-only --no-first-run --password-store=basic --remote-debugging-port=12481 --start-maximized --test-type=webdriver --use-mock-keychain --user-agent="Mozilla/5.0 (Windows NT 6.1; WOW64) AppleWebKit/537.36 (KHTML, like Gecko) Chrome/54.0.2840.99 Safari/537.36" --user-data-dir="C:\Users\hc360\AppData\Local\Temp\scoped_dir21732_8793" data:,
[3.645][INFO]: Waiting for extension bg page load: chrome-extension://fpgopbccdmfnigeigfhcnhjgigcjihbg/_generated_background_page.html
[4.031][INFO]: resolved localhost to ["::1","127.0.0.1"]
[5.117][INFO]: Waiting for pending navigations...
[5.142][INFO]: Done waiting for pending navigations. Status: ok
[5.167][INFO]: resolved localhost to ["::1","127.0.0.1"]
[6.188][INFO]: RESPONSE InitSession {
   "acceptSslCerts": true,
   "applicationCacheEnabled": false,
   "browserConnectionEnabled": false,
   "browserName": "chrome",
   "chrome": {
      "chromedriverVersion": "2.34.522940 (1a76f96f66e3ca7b8e57d503b4dd3bccfba87af1)",
      "userDataDir": "C:\\Users\\hc360\\AppData\\Local\\Temp\\scoped_dir21732_8793"
   },
   "cssSelectorsEnabled": true,
   "databaseEnabled": false,
   "handlesAlerts": true,
   "hasTouchScreen": false,
   "javascriptEnabled": true,
   "locationContextEnabled": true,
   "mobileEmulationEnabled": false,
   "nativeEvents": true,
   "networkConnectionEnabled": false,
   "pageLoadStrategy": "normal",
   "platform": "Windows NT",
   "rotatable": false,
   "setWindowRect": true,
   "takesHeapSnapshot": true,
   "~~~": "..."
}
[6.191][INFO]: COMMAND MaximizeWindow {
   "sessionId": "c15eb3c6c4ece4c8c5b8c061f93fdc73",
   "windowHandle": "current"
}
[6.192][INFO]: resolved localhost to ["::1","127.0.0.1"]
[7.196][INFO]: RESPONSE MaximizeWindow
[7.198][INFO]: COMMAND Navigate {
   "sessionId": "c15eb3c6c4ece4c8c5b8c061f93fdc73",
   "url": "https://m.baidu.com"
}
[7.198][INFO]: Waiting for pending navigations...
[7.226][INFO]: Done waiting for pending navigations. Status: ok
